0 info it worked if it ends with ok
1 verbose cli [ 'node', '/usr/local/bin/npm', 'install' ]
2 info using npm@2.12.1
3 info using node@v0.12.1
4 verbose readDependencies loading dependencies from /Users/Tim/Documents/nucubing/package.json
5 verbose install where, deps [ '/Users/Tim/Documents/nucubing',
5 verbose install   [ 'bcryptjs',
5 verbose install     'body-parser',
5 verbose install     'bower',
5 verbose install     'byline',
5 verbose install     'client-sessions',
5 verbose install     'csurf',
5 verbose install     'express',
5 verbose install     'fs',
5 verbose install     'mongoose',
5 verbose install     'multer',
5 verbose install     'passport',
5 verbose install     'passport-facebook',
5 verbose install     'passport-google',
5 verbose install     'passport-local',
5 verbose install     'passport-twitter',
5 verbose install     'path' ] ]
6 verbose install where, peers [ '/Users/Tim/Documents/nucubing', [] ]
7 verbose installManyTop reading for lifecycle /Users/Tim/Documents/nucubing/package.json
8 info preinstall OpenShift-Sample-App@1.0.0
9 verbose installManyTop reading scoped package data from /Users/Tim/Documents/nucubing/node_modules/bcryptjs/package.json
10 verbose installManyTop reading scoped package data from /Users/Tim/Documents/nucubing/node_modules/body-parser/package.json
11 verbose installManyTop reading scoped package data from /Users/Tim/Documents/nucubing/node_modules/bower/package.json
12 verbose installManyTop reading scoped package data from /Users/Tim/Documents/nucubing/node_modules/byline/package.json
13 verbose installManyTop reading scoped package data from /Users/Tim/Documents/nucubing/node_modules/client-sessions/package.json
14 verbose installManyTop reading scoped package data from /Users/Tim/Documents/nucubing/node_modules/csurf/package.json
15 verbose installManyTop reading scoped package data from /Users/Tim/Documents/nucubing/node_modules/express/package.json
16 verbose installManyTop reading scoped package data from /Users/Tim/Documents/nucubing/node_modules/fs/package.json
17 verbose installManyTop reading scoped package data from /Users/Tim/Documents/nucubing/node_modules/mongoose/package.json
18 verbose installManyTop reading scoped package data from /Users/Tim/Documents/nucubing/node_modules/multer/package.json
19 verbose installManyTop reading scoped package data from /Users/Tim/Documents/nucubing/node_modules/passport/package.json
20 verbose installManyTop reading scoped package data from /Users/Tim/Documents/nucubing/node_modules/passport-facebook/package.json
21 verbose installManyTop reading scoped package data from /Users/Tim/Documents/nucubing/node_modules/passport-google/package.json
22 verbose installManyTop reading scoped package data from /Users/Tim/Documents/nucubing/node_modules/passport-local/package.json
23 verbose installManyTop reading scoped package data from /Users/Tim/Documents/nucubing/node_modules/passport-twitter/package.json
24 verbose installManyTop reading scoped package data from /Users/Tim/Documents/nucubing/node_modules/path/package.json
25 info package.json bower@1.4.1 No license field.
26 info package.json client-sessions@0.7.0 No license field.
27 info package.json fs@0.0.2 fs is also the name of a node core module.
28 info package.json fs@0.0.2 No description
29 info package.json fs@0.0.2 No repository field.
30 info package.json fs@0.0.2 No README data
31 info package.json passport-facebook@2.0.0 No license field.
32 info package.json passport-google@0.3.0 No license field.
33 info package.json passport-local@1.0.0 No license field.
34 info package.json path@0.11.14 path is also the name of a node core module.
35 info package.json passport-twitter@1.0.3 No license field.
36 verbose readDependencies loading dependencies from /Users/Tim/Documents/nucubing/package.json
37 verbose targetResolver reading package data from /Users/Tim/Documents/nucubing/node_modules/bcryptjs/package.json
38 verbose targetResolver reading package data from /Users/Tim/Documents/nucubing/node_modules/body-parser/package.json
39 verbose targetResolver reading package data from /Users/Tim/Documents/nucubing/node_modules/bower/package.json
40 verbose targetResolver reading package data from /Users/Tim/Documents/nucubing/node_modules/byline/package.json
41 verbose targetResolver reading package data from /Users/Tim/Documents/nucubing/node_modules/client-sessions/package.json
42 verbose targetResolver reading package data from /Users/Tim/Documents/nucubing/node_modules/csurf/package.json
43 verbose targetResolver reading package data from /Users/Tim/Documents/nucubing/node_modules/express/package.json
44 verbose targetResolver reading package data from /Users/Tim/Documents/nucubing/node_modules/fs/package.json
45 verbose targetResolver reading package data from /Users/Tim/Documents/nucubing/node_modules/mongoose/package.json
46 verbose targetResolver reading package data from /Users/Tim/Documents/nucubing/node_modules/multer/package.json
47 verbose targetResolver reading package data from /Users/Tim/Documents/nucubing/node_modules/passport/package.json
48 verbose targetResolver reading package data from /Users/Tim/Documents/nucubing/node_modules/passport-facebook/package.json
49 verbose targetResolver reading package data from /Users/Tim/Documents/nucubing/node_modules/passport-google/package.json
50 verbose targetResolver reading package data from /Users/Tim/Documents/nucubing/node_modules/passport-local/package.json
51 verbose targetResolver reading package data from /Users/Tim/Documents/nucubing/node_modules/passport-twitter/package.json
52 verbose targetResolver reading package data from /Users/Tim/Documents/nucubing/node_modules/path/package.json
53 verbose targetResolver reading package data from /Users/Tim/Documents/nucubing/node_modules/.bin/bower/package.json
54 verbose targetResolver reading package data from /Users/Tim/Documents/nucubing/node_modules/.bin/express/package.json
55 verbose already installed skipping express@^3.4.8 /Users/Tim/Documents/nucubing
56 verbose already installed skipping fs@0.0.2 /Users/Tim/Documents/nucubing
57 verbose already installed skipping mongoose@^4.0.1 /Users/Tim/Documents/nucubing
58 verbose already installed skipping multer@^0.1.8 /Users/Tim/Documents/nucubing
59 verbose already installed skipping passport@^0.2.1 /Users/Tim/Documents/nucubing
60 verbose already installed skipping passport-facebook@^2.0.0 /Users/Tim/Documents/nucubing
61 verbose already installed skipping passport-google@^0.3.0 /Users/Tim/Documents/nucubing
62 verbose already installed skipping passport-local@^1.0.0 /Users/Tim/Documents/nucubing
63 verbose already installed skipping passport-twitter@^1.0.3 /Users/Tim/Documents/nucubing
64 verbose already installed skipping path@^0.11.14 /Users/Tim/Documents/nucubing
65 verbose already installed skipping bcryptjs@^2.1.0 /Users/Tim/Documents/nucubing
66 verbose already installed skipping body-parser@^1.12.2 /Users/Tim/Documents/nucubing
67 verbose already installed skipping bower@^1.4.1 /Users/Tim/Documents/nucubing
68 verbose already installed skipping byline@^4.2.1 /Users/Tim/Documents/nucubing
69 verbose already installed skipping client-sessions@^0.7.0 /Users/Tim/Documents/nucubing
70 verbose already installed skipping csurf@^1.8.0 /Users/Tim/Documents/nucubing
71 silly install resolved []
72 info build /Users/Tim/Documents/nucubing
73 info linkStuff OpenShift-Sample-App@1.0.0
74 silly linkStuff OpenShift-Sample-App@1.0.0 has /Users/Tim/Documents as its parent node_modules
75 verbose linkBins OpenShift-Sample-App@1.0.0
76 verbose linkMans OpenShift-Sample-App@1.0.0
77 verbose rebuildBundles OpenShift-Sample-App@1.0.0
78 verbose rebuildBundles [ '.bin',
78 verbose rebuildBundles   'bcryptjs',
78 verbose rebuildBundles   'body-parser',
78 verbose rebuildBundles   'bower',
78 verbose rebuildBundles   'byline',
78 verbose rebuildBundles   'client-sessions',
78 verbose rebuildBundles   'csurf',
78 verbose rebuildBundles   'express',
78 verbose rebuildBundles   'fs',
78 verbose rebuildBundles   'mongoose',
78 verbose rebuildBundles   'multer',
78 verbose rebuildBundles   'passport',
78 verbose rebuildBundles   'passport-facebook',
78 verbose rebuildBundles   'passport-google',
78 verbose rebuildBundles   'passport-local',
78 verbose rebuildBundles   'passport-twitter',
78 verbose rebuildBundles   'path' ]
79 info install OpenShift-Sample-App@1.0.0
80 info postinstall OpenShift-Sample-App@1.0.0
81 verbose unsafe-perm in lifecycle true
82 info OpenShift-Sample-App@1.0.0 Failed to exec postinstall script
83 verbose stack Error: OpenShift-Sample-App@1.0.0 postinstall: `export HOME=$HOME/app-root/runtime/repo & app-root/runtime/repo/node_modules/bower/bin/bower install`
83 verbose stack spawn ENOENT
83 verbose stack     at ChildProcess.<anonymous> (/usr/local/lib/node_modules/npm/lib/utils/spawn.js:17:16)
83 verbose stack     at ChildProcess.emit (events.js:110:17)
83 verbose stack     at maybeClose (child_process.js:1008:16)
83 verbose stack     at Process.ChildProcess._handle.onexit (child_process.js:1080:5)
84 verbose pkgid OpenShift-Sample-App@1.0.0
85 verbose cwd /Users/Tim/Documents/nucubing
86 error Darwin 14.3.0
87 error argv "node" "/usr/local/bin/npm" "install"
88 error node v0.12.1
89 error npm  v2.12.1
90 error file sh
91 error code ELIFECYCLE
92 error errno ENOENT
93 error syscall spawn
94 error OpenShift-Sample-App@1.0.0 postinstall: `export HOME=$HOME/app-root/runtime/repo & app-root/runtime/repo/node_modules/bower/bin/bower install`
94 error spawn ENOENT
95 error Failed at the OpenShift-Sample-App@1.0.0 postinstall script 'export HOME=$HOME/app-root/runtime/repo & app-root/runtime/repo/node_modules/bower/bin/bower install'.
95 error This is most likely a problem with the OpenShift-Sample-App package,
95 error not with npm itself.
95 error Tell the author that this fails on your system:
95 error     export HOME=$HOME/app-root/runtime/repo & app-root/runtime/repo/node_modules/bower/bin/bower install
95 error You can get their info via:
95 error     npm owner ls OpenShift-Sample-App
95 error There is likely additional logging output above.
96 verbose exit [ 1, true ]
